2023-05-24 11:30:21,526:INFO: device: cuda:0
2023-05-24 11:30:24,344:INFO: -------- train data process DONE!--------
2023-05-24 11:30:24,775:INFO: -------- dev data process DONE!--------
2023-05-24 11:30:25,101:INFO: -------- test data process DONE!--------
2023-05-24 11:30:26,078:INFO: -------- Vocabulary Build! --------
2023-05-24 11:30:27,731:INFO: -------- Process Done! --------
2023-05-24 11:30:27,819:INFO: -------- Process Done! --------
2023-05-24 11:33:10,083:INFO: epoch: 1, train loss: 356.8252864566992
2023-05-24 11:33:49,374:INFO: epoch: 1, f1 score: 0.882037976176436, dev loss: 141.7917532413564
2023-05-24 11:33:49,417:INFO: --------Save best model!--------
2023-05-24 11:36:36,923:INFO: epoch: 2, train loss: 95.00153211162113
2023-05-24 11:37:17,574:INFO: epoch: 2, f1 score: 0.9125675291441568, dev loss: 87.05933136635639
2023-05-24 11:37:17,643:INFO: --------Save best model!--------
2023-05-24 11:40:05,730:INFO: epoch: 3, train loss: 56.93212042276161
2023-05-24 11:40:45,161:INFO: epoch: 3, f1 score: 0.9218943360304617, dev loss: 67.97005900930851
2023-05-24 11:40:45,205:INFO: --------Save best model!--------
2023-05-24 11:43:31,415:INFO: epoch: 4, train loss: 38.764414634091786
2023-05-24 11:44:10,088:INFO: epoch: 4, f1 score: 0.92159364809301, dev loss: 64.43441967253989
2023-05-24 11:46:54,344:INFO: epoch: 5, train loss: 28.14126243106173
2023-05-24 11:47:33,583:INFO: epoch: 5, f1 score: 0.9221816468370831, dev loss: 60.578602892287236
2023-05-24 11:47:33,626:INFO: --------Save best model!--------
2023-05-24 11:50:17,277:INFO: epoch: 6, train loss: 19.51313669774108
2023-05-24 11:50:56,430:INFO: epoch: 6, f1 score: 0.9208375532892102, dev loss: 62.910421168550535
2023-05-24 11:53:40,349:INFO: epoch: 7, train loss: 15.071090778672552
2023-05-24 11:54:20,019:INFO: epoch: 7, f1 score: 0.9249004406532036, dev loss: 63.250742810837764
2023-05-24 11:54:20,061:INFO: --------Save best model!--------
2023-05-24 11:57:07,064:INFO: epoch: 8, train loss: 12.567030163653882
2023-05-24 11:57:46,095:INFO: epoch: 8, f1 score: 0.9278560918885568, dev loss: 62.34982754321808
2023-05-24 11:57:46,136:INFO: --------Save best model!--------
2023-05-24 12:00:29,156:INFO: epoch: 9, train loss: 10.087665383595539
2023-05-24 12:01:08,117:INFO: epoch: 9, f1 score: 0.9285460193990561, dev loss: 64.3314806349734
2023-05-24 12:01:08,160:INFO: --------Save best model!--------
2023-05-24 12:03:53,769:INFO: epoch: 10, train loss: 8.900602765830167
2023-05-24 12:04:33,987:INFO: epoch: 10, f1 score: 0.9279206605295625, dev loss: 69.24207322140957
2023-05-24 12:07:20,063:INFO: epoch: 11, train loss: 6.202910540692778
2023-05-24 12:07:58,635:INFO: epoch: 11, f1 score: 0.9255948157608439, dev loss: 72.7774684175532
2023-05-24 12:10:44,671:INFO: epoch: 12, train loss: 5.245629829575259
2023-05-24 12:11:23,391:INFO: epoch: 12, f1 score: 0.9266709012633213, dev loss: 74.78723923703457
2023-05-24 12:14:09,121:INFO: epoch: 13, train loss: 4.892970694954616
2023-05-24 12:14:48,654:INFO: epoch: 13, f1 score: 0.9294242818300036, dev loss: 76.83884640957447
2023-05-24 12:14:48,695:INFO: --------Save best model!--------
2023-05-24 12:17:32,843:INFO: epoch: 14, train loss: 4.599504327079857
2023-05-24 12:18:12,010:INFO: epoch: 14, f1 score: 0.92786722462586, dev loss: 76.29105198636968
2023-05-24 12:20:56,580:INFO: epoch: 15, train loss: 4.045105365146116
2023-05-24 12:21:36,087:INFO: epoch: 15, f1 score: 0.929172975018925, dev loss: 76.48252057014628
2023-05-24 12:24:20,629:INFO: epoch: 16, train loss: 3.111833137600936
2023-05-24 12:24:59,989:INFO: epoch: 16, f1 score: 0.9291208141048397, dev loss: 78.8139025099734
2023-05-24 12:27:44,678:INFO: epoch: 17, train loss: 5.807412432618888
2023-05-24 12:28:24,343:INFO: epoch: 17, f1 score: 0.9196051445114138, dev loss: 75.34938601230053
2023-05-24 12:31:09,018:INFO: epoch: 18, train loss: 18.48849354083918
2023-05-24 12:31:48,137:INFO: epoch: 18, f1 score: 0.9168881716347066, dev loss: 71.51456532579788
2023-05-24 12:31:48,137:INFO: Best val f1: 0.9294242818300036
2023-05-24 12:31:48,137:INFO: Training Finished!
2023-05-24 12:31:48,438:INFO: -------- Process Done! --------
2023-05-24 12:31:48,451:INFO: --------Load model from E:\guo\NER\BiLSTM-CRF/experiments/agcner/¸ÄÀàºó/8-5/model.pth--------
2023-05-24 12:32:27,675:INFO: --------Bad Cases reserved !--------
2023-05-24 12:32:28,755:INFO: processed 396800 tokens with 21152 phrases; found: 21342 phrases; correct: 19762.
2023-05-24 12:32:28,755:INFO: accuracy:  98.13%; precision:  92.60%; recall:  93.43%; FB1:  93.01
2023-05-24 12:32:28,755:INFO:               BEL: precision:  92.13%; recall:  94.76%; FB1:  93.43  216
2023-05-24 12:32:28,755:INFO:               CLA: precision:  62.84%; recall:  57.08%; FB1:  59.83  218
2023-05-24 12:32:28,755:INFO:               COM: precision:  58.44%; recall:  81.82%; FB1:  68.18  77
2023-05-24 12:32:28,755:INFO:               CRO: precision:  95.37%; recall:  96.23%; FB1:  95.80  4360
2023-05-24 12:32:28,755:INFO:               DIS: precision:  98.37%; recall:  97.47%; FB1:  97.92  2817
2023-05-24 12:32:28,755:INFO:              DRUG: precision:  89.10%; recall:  91.16%; FB1:  90.12  2698
2023-05-24 12:32:28,755:INFO:               FER: precision:  86.61%; recall:  88.00%; FB1:  87.30  127
2023-05-24 12:32:28,755:INFO:               ORG: precision:  67.54%; recall:  73.31%; FB1:  70.31  305
2023-05-24 12:32:28,755:INFO:              PART: precision:  89.14%; recall:  89.73%; FB1:  89.43  1804
2023-05-24 12:32:28,755:INFO:               PER: precision:  91.20%; recall:  90.26%; FB1:  90.73  2318
2023-05-24 12:32:28,755:INFO:               PET: precision:  96.48%; recall:  96.90%; FB1:  96.69  4658
2023-05-24 12:32:28,755:INFO:               REA: precision:  87.80%; recall:  94.00%; FB1:  90.80  500
2023-05-24 12:32:28,755:INFO:           STRAINS: precision:  86.58%; recall:  89.68%; FB1:  88.10  1244
2023-05-24 12:32:29,143:INFO: final test loss: 72.35675698138297, f1 score: 0.9301077799218713
