2023-05-24 17:03:29,820:INFO: device: cuda:0
2023-05-24 17:03:29,823:INFO: -------- Vocabulary Loaded! --------
2023-05-24 17:03:31,438:INFO: -------- Process Done! --------
2023-05-24 17:03:31,520:INFO: -------- Process Done! --------
2023-05-24 17:06:11,321:INFO: epoch: 1, train loss: 387.73493084604524
2023-05-24 17:06:50,351:INFO: epoch: 1, f1 score: 0.8827978660343805, dev loss: 146.90207363696808
2023-05-24 17:06:50,394:INFO: --------Save best model!--------
2023-05-24 17:09:31,482:INFO: epoch: 2, train loss: 105.34787539478927
2023-05-24 17:10:10,950:INFO: epoch: 2, f1 score: 0.9103311539641703, dev loss: 95.94692278922872
2023-05-24 17:10:10,992:INFO: --------Save best model!--------
2023-05-24 17:12:57,583:INFO: epoch: 3, train loss: 61.67635745810824
2023-05-24 17:13:36,891:INFO: epoch: 3, f1 score: 0.9200983405039951, dev loss: 68.95122381981383
2023-05-24 17:13:36,932:INFO: --------Save best model!--------
2023-05-24 17:16:21,971:INFO: epoch: 4, train loss: 41.12852318805197
2023-05-24 17:17:00,973:INFO: epoch: 4, f1 score: 0.9257999286309029, dev loss: 59.363748753324465
2023-05-24 17:17:01,014:INFO: --------Save best model!--------
2023-05-24 17:19:44,636:INFO: epoch: 5, train loss: 29.908654269087673
2023-05-24 17:20:23,583:INFO: epoch: 5, f1 score: 0.9261577560240964, dev loss: 57.80935214428192
2023-05-24 17:20:23,625:INFO: --------Save best model!--------
2023-05-24 17:23:07,960:INFO: epoch: 6, train loss: 19.752722074196093
2023-05-24 17:23:46,219:INFO: epoch: 6, f1 score: 0.9305947675512892, dev loss: 57.62315595910904
2023-05-24 17:23:46,262:INFO: --------Save best model!--------
2023-05-24 17:26:27,775:INFO: epoch: 7, train loss: 15.172504266847335
2023-05-24 17:27:06,591:INFO: epoch: 7, f1 score: 0.9304929028601119, dev loss: 57.230411610704785
2023-05-24 17:29:53,256:INFO: epoch: 8, train loss: 12.578962240569966
2023-05-24 17:30:34,131:INFO: epoch: 8, f1 score: 0.9270999905935471, dev loss: 62.961051778590424
2023-05-24 17:33:18,883:INFO: epoch: 9, train loss: 10.731254254854642
2023-05-24 17:33:58,079:INFO: epoch: 9, f1 score: 0.9307066502696055, dev loss: 61.90182949634308
2023-05-24 17:33:58,120:INFO: --------Save best model!--------
2023-05-24 17:36:43,470:INFO: epoch: 10, train loss: 8.660066381027068
2023-05-24 17:37:22,926:INFO: epoch: 10, f1 score: 0.9276099030405723, dev loss: 65.47025639960107
2023-05-24 17:40:07,389:INFO: epoch: 11, train loss: 6.300197382914183
2023-05-24 17:40:47,044:INFO: epoch: 11, f1 score: 0.931153873330664, dev loss: 67.6404431931516
2023-05-24 17:40:47,086:INFO: --------Save best model!--------
2023-05-24 17:43:31,504:INFO: epoch: 12, train loss: 5.629028694765225
2023-05-24 17:44:10,853:INFO: epoch: 12, f1 score: 0.931416138492101, dev loss: 69.26025910073139
2023-05-24 17:44:10,894:INFO: --------Save best model!--------
2023-05-24 17:46:53,702:INFO: epoch: 13, train loss: 4.740841196372756
2023-05-24 17:47:33,337:INFO: epoch: 13, f1 score: 0.9301437662031582, dev loss: 72.28858980219415
2023-05-24 17:50:13,502:INFO: epoch: 14, train loss: 4.613048925726709
2023-05-24 17:50:52,359:INFO: epoch: 14, f1 score: 0.9332830046239502, dev loss: 73.1201171875
2023-05-24 17:50:52,400:INFO: --------Save best model!--------
2023-05-24 17:53:39,536:INFO: epoch: 15, train loss: 4.3137865495920975
2023-05-24 17:54:19,961:INFO: epoch: 15, f1 score: 0.9294059568866216, dev loss: 77.68607671210107
2023-05-24 17:57:06,182:INFO: epoch: 16, train loss: 5.598921407435252
2023-05-24 17:57:45,470:INFO: epoch: 16, f1 score: 0.9221108504537807, dev loss: 79.96950839428192
2023-05-24 18:00:29,822:INFO: epoch: 17, train loss: 17.981889373881362
2023-05-24 18:01:09,532:INFO: epoch: 17, f1 score: 0.9205806191053144, dev loss: 67.40927318816489
2023-05-24 18:03:52,242:INFO: epoch: 18, train loss: 19.972300735524666
2023-05-24 18:04:31,158:INFO: epoch: 18, f1 score: 0.9241461667064724, dev loss: 63.5307305518617
2023-05-24 18:07:11,273:INFO: epoch: 19, train loss: 20.049166288343958
2023-05-24 18:07:50,036:INFO: epoch: 19, f1 score: 0.9233153703085507, dev loss: 64.9208361037234
2023-05-24 18:07:50,037:INFO: Best val f1: 0.9332830046239502
2023-05-24 18:07:50,037:INFO: Training Finished!
2023-05-24 18:07:50,202:INFO: -------- Process Done! --------
2023-05-24 18:07:50,217:INFO: --------Load model from E:\guo\NER\BiLSTM-CRF/experiments/agcner/¸ÄÀàºó/9-6/model.pth--------
2023-05-24 18:08:29,605:INFO: --------Bad Cases reserved !--------
2023-05-24 18:08:30,687:INFO: processed 391921 tokens with 20482 phrases; found: 20529 phrases; correct: 19121.
2023-05-24 18:08:30,687:INFO: accuracy:  98.20%; precision:  93.14%; recall:  93.36%; FB1:  93.25
2023-05-24 18:08:30,687:INFO:               BEL: precision:  92.16%; recall:  94.47%; FB1:  93.30  204
2023-05-24 18:08:30,687:INFO:               CLA: precision:  66.67%; recall:  51.72%; FB1:  58.25  180
2023-05-24 18:08:30,687:INFO:               COM: precision:  69.89%; recall:  91.55%; FB1:  79.27  93
2023-05-24 18:08:30,687:INFO:               CRO: precision:  95.76%; recall:  96.04%; FB1:  95.90  4125
2023-05-24 18:08:30,687:INFO:               DIS: precision:  98.16%; recall:  97.31%; FB1:  97.73  2657
2023-05-24 18:08:30,687:INFO:              DRUG: precision:  91.48%; recall:  91.51%; FB1:  91.49  2440
2023-05-24 18:08:30,687:INFO:               FER: precision:  78.70%; recall:  86.73%; FB1:  82.52  108
2023-05-24 18:08:30,687:INFO:               ORG: precision:  67.69%; recall:  72.36%; FB1:  69.95  294
2023-05-24 18:08:30,687:INFO:              PART: precision:  89.02%; recall:  89.26%; FB1:  89.14  1839
2023-05-24 18:08:30,687:INFO:               PER: precision:  90.50%; recall:  89.77%; FB1:  90.13  2220
2023-05-24 18:08:30,687:INFO:               PET: precision:  96.46%; recall:  96.92%; FB1:  96.69  4600
2023-05-24 18:08:30,687:INFO:               REA: precision:  92.89%; recall:  93.67%; FB1:  93.28  478
2023-05-24 18:08:30,687:INFO:           STRAINS: precision:  88.85%; recall:  91.69%; FB1:  90.24  1291
2023-05-24 18:08:31,089:INFO: final test loss: 68.64548692346257, f1 score: 0.9324815293457853
