2023-07-01 17:22:55,277:INFO: device: cuda:0
2023-07-01 17:22:55,280:INFO: -------- Vocabulary Loaded! --------
2023-07-01 17:22:56,981:INFO: -------- Process Done! --------
2023-07-01 17:22:57,069:INFO: -------- Process Done! --------
2023-07-01 17:26:04,625:INFO: epoch: 1, train loss: 560.3408801688
2023-07-01 17:26:46,010:INFO: epoch: 1, f1 score: 0.8471485903978596, dev loss: 223.54990391042782
2023-07-01 17:26:46,064:INFO: --------Save best model!--------
2023-07-01 17:29:57,635:INFO: epoch: 2, train loss: 157.28852637810851
2023-07-01 17:30:39,073:INFO: epoch: 2, f1 score: 0.8986690499770525, dev loss: 120.57057361296792
2023-07-01 17:30:39,131:INFO: --------Save best model!--------
2023-07-01 17:33:51,549:INFO: epoch: 3, train loss: 94.6828737112192
2023-07-01 17:34:32,264:INFO: epoch: 3, f1 score: 0.9087548638132295, dev loss: 94.29062917780749
2023-07-01 17:34:32,319:INFO: --------Save best model!--------
2023-07-01 17:37:42,541:INFO: epoch: 4, train loss: 64.30305053813002
2023-07-01 17:38:23,358:INFO: epoch: 4, f1 score: 0.9072263068979465, dev loss: 90.64445813836899
2023-07-01 17:41:38,551:INFO: epoch: 5, train loss: 49.506498965770504
2023-07-01 17:42:19,400:INFO: epoch: 5, f1 score: 0.9236541440743611, dev loss: 68.91285615808823
2023-07-01 17:42:19,455:INFO: --------Save best model!--------
2023-07-01 17:45:36,387:INFO: epoch: 6, train loss: 34.9685208550265
2023-07-01 17:46:17,377:INFO: epoch: 6, f1 score: 0.9256956922927493, dev loss: 64.76076307653743
2023-07-01 17:46:17,431:INFO: --------Save best model!--------
2023-07-01 17:49:34,542:INFO: epoch: 7, train loss: 45.32081853968643
2023-07-01 17:50:15,298:INFO: epoch: 7, f1 score: 0.9248898998209361, dev loss: 64.87375710227273
2023-07-01 17:53:31,876:INFO: epoch: 8, train loss: 25.18871963398911
2023-07-01 17:54:12,532:INFO: epoch: 8, f1 score: 0.9309009968063485, dev loss: 62.313638452540104
2023-07-01 17:54:12,588:INFO: --------Save best model!--------
2023-07-01 17:57:25,591:INFO: epoch: 9, train loss: 35.03950059708943
2023-07-01 17:58:06,229:INFO: epoch: 9, f1 score: 0.9242369838420108, dev loss: 78.68130640040107
2023-07-01 18:01:21,988:INFO: epoch: 10, train loss: 25.904879995492788
2023-07-01 18:02:02,645:INFO: epoch: 10, f1 score: 0.929545288842443, dev loss: 59.18323341410428
2023-07-01 18:05:18,129:INFO: epoch: 11, train loss: 15.481401097096727
2023-07-01 18:05:59,120:INFO: epoch: 11, f1 score: 0.9290593545584012, dev loss: 67.30351771390374
2023-07-01 18:09:13,236:INFO: epoch: 12, train loss: 37.56789434147519
2023-07-01 18:09:54,093:INFO: epoch: 12, f1 score: 0.9232805529682827, dev loss: 68.00298713235294
2023-07-01 18:13:08,406:INFO: epoch: 13, train loss: 16.21296988745597
2023-07-01 18:13:48,974:INFO: epoch: 13, f1 score: 0.9255396910481946, dev loss: 70.04266585895722
2023-07-01 18:13:48,974:INFO: Best val f1: 0.9309009968063485
2023-07-01 18:13:48,974:INFO: Training Finished!
2023-07-01 18:13:49,141:INFO: -------- Process Done! --------
2023-07-01 18:13:49,160:INFO: --------Load model from E:\guo\NER\BiLSTM-CRF/experiments/agcner/¸ÄÀàºó/1-8/bilstm-att-crf.pth--------
2023-07-01 18:14:28,721:INFO: --------Bad Cases reserved !--------
2023-07-01 18:14:29,817:INFO: processed 386473 tokens with 20524 phrases; found: 20306 phrases; correct: 19095.
2023-07-01 18:14:29,817:INFO: accuracy:  98.15%; precision:  94.04%; recall:  93.04%; FB1:  93.53
2023-07-01 18:14:29,817:INFO:               BEL: precision:  88.00%; recall:  93.33%; FB1:  90.59  175
2023-07-01 18:14:29,817:INFO:               CLA: precision:  61.08%; recall:  55.36%; FB1:  58.08  203
2023-07-01 18:14:29,818:INFO:               COM: precision:  80.68%; recall:  73.96%; FB1:  77.17  88
2023-07-01 18:14:29,818:INFO:               CRO: precision:  96.08%; recall:  96.27%; FB1:  96.17  4082
2023-07-01 18:14:29,818:INFO:               DIS: precision:  97.41%; recall:  98.03%; FB1:  97.72  2862
2023-07-01 18:14:29,818:INFO:              DRUG: precision:  93.35%; recall:  90.13%; FB1:  91.71  2542
2023-07-01 18:14:29,818:INFO:               FER: precision:  95.28%; recall:  93.52%; FB1:  94.39  106
2023-07-01 18:14:29,818:INFO:               ORG: precision:  75.25%; recall:  72.15%; FB1:  73.67  303
2023-07-01 18:14:29,818:INFO:              PART: precision:  90.31%; recall:  86.17%; FB1:  88.19  1621
2023-07-01 18:14:29,818:INFO:               PER: precision:  91.71%; recall:  90.72%; FB1:  91.21  2195
2023-07-01 18:14:29,818:INFO:               PET: precision:  97.56%; recall:  96.64%; FB1:  97.10  4475
2023-07-01 18:14:29,818:INFO:               REA: precision:  89.16%; recall:  94.16%; FB1:  91.59  452
2023-07-01 18:14:29,818:INFO:           STRAINS: precision:  90.52%; recall:  90.67%; FB1:  90.59  1202
2023-07-01 18:14:30,211:INFO: final test loss: 55.2507885611631, f1 score: 0.9353416605437178
