2023-06-08 20:37:45,835:INFO: device: cuda:0
2023-06-08 20:37:45,838:INFO: -------- Vocabulary Loaded! --------
2023-06-08 20:37:47,495:INFO: -------- Process Done! --------
2023-06-08 20:37:47,576:INFO: -------- Process Done! --------
2023-06-08 20:40:07,668:INFO: epoch: 1, train loss: 965.4129588557724
2023-06-08 20:40:46,704:INFO: epoch: 1, f1 score: 0.7507476147529311, dev loss: 307.7263953877005
2023-06-08 20:40:46,711:INFO: --------Save best model!--------
2023-06-08 20:46:05,689:INFO: epoch: 2, train loss: 269.48424835715406
2023-06-08 20:46:45,961:INFO: epoch: 2, f1 score: 0.8340015657991505, dev loss: 161.17446524064172
2023-06-08 20:46:45,968:INFO: --------Save best model!--------
2023-06-08 20:49:00,042:INFO: epoch: 3, train loss: 161.47385444003203
2023-06-08 20:49:39,419:INFO: epoch: 3, f1 score: 0.8544220252687158, dev loss: 118.5582177473262
2023-06-08 20:49:39,425:INFO: --------Save best model!--------
2023-06-08 20:51:54,350:INFO: epoch: 4, train loss: 117.03265072876793
2023-06-08 20:52:31,548:INFO: epoch: 4, f1 score: 0.8817157607777858, dev loss: 83.10321273395722
2023-06-08 20:52:31,555:INFO: --------Save best model!--------
2023-06-08 20:54:48,460:INFO: epoch: 5, train loss: 95.23499255993693
2023-06-08 20:55:25,850:INFO: epoch: 5, f1 score: 0.8804613522557373, dev loss: 79.44676951036097
2023-06-08 20:57:43,554:INFO: epoch: 6, train loss: 80.75636509668867
2023-06-08 20:58:23,110:INFO: epoch: 6, f1 score: 0.8891440051661046, dev loss: 67.10087316176471
2023-06-08 20:58:23,117:INFO: --------Save best model!--------
2023-06-08 21:00:40,338:INFO: epoch: 7, train loss: 73.1367918543991
2023-06-08 21:01:21,246:INFO: epoch: 7, f1 score: 0.8996673925007777, dev loss: 62.02770930815508
2023-06-08 21:01:21,253:INFO: --------Save best model!--------
2023-06-08 21:06:09,846:INFO: epoch: 8, train loss: 67.99482177428179
2023-06-08 21:06:52,013:INFO: epoch: 8, f1 score: 0.9034456281792878, dev loss: 57.43058572860963
2023-06-08 21:06:52,019:INFO: --------Save best model!--------
2023-06-08 21:11:32,916:INFO: epoch: 9, train loss: 63.658931263952354
2023-06-08 21:12:15,429:INFO: epoch: 9, f1 score: 0.904095213108498, dev loss: 56.84231910093583
2023-06-08 21:12:15,436:INFO: --------Save best model!--------
2023-06-08 21:16:55,319:INFO: epoch: 10, train loss: 60.68088281433718
2023-06-08 21:17:39,239:INFO: epoch: 10, f1 score: 0.9078919176288538, dev loss: 53.70698424966577
2023-06-08 21:17:39,245:INFO: --------Save best model!--------
2023-06-08 21:22:21,946:INFO: epoch: 11, train loss: 56.063810370199654
2023-06-08 21:23:04,772:INFO: epoch: 11, f1 score: 0.9143614457831324, dev loss: 48.82080339237968
2023-06-08 21:23:04,779:INFO: --------Save best model!--------
2023-06-08 21:27:51,840:INFO: epoch: 12, train loss: 53.849374490438095
2023-06-08 21:28:34,587:INFO: epoch: 12, f1 score: 0.9160908193484698, dev loss: 47.31177932820856
2023-06-08 21:28:34,594:INFO: --------Save best model!--------
2023-06-08 21:33:23,423:INFO: epoch: 13, train loss: 52.252540726167304
2023-06-08 21:34:06,409:INFO: epoch: 13, f1 score: 0.9132365294611784, dev loss: 49.049689797794116
2023-06-08 21:38:53,465:INFO: epoch: 14, train loss: 50.62546163705679
2023-06-08 21:39:36,640:INFO: epoch: 14, f1 score: 0.9104459842369693, dev loss: 50.99684053308823
2023-06-08 21:44:24,229:INFO: epoch: 15, train loss: 49.30034212220871
2023-06-08 21:45:07,414:INFO: epoch: 15, f1 score: 0.9181062522587641, dev loss: 46.22533004679144
2023-06-08 21:45:07,421:INFO: --------Save best model!--------
2023-06-08 21:49:56,048:INFO: epoch: 16, train loss: 46.84153302425525
2023-06-08 21:50:38,984:INFO: epoch: 16, f1 score: 0.9196609189866102, dev loss: 44.906469334893046
2023-06-08 21:50:38,990:INFO: --------Save best model!--------
2023-06-08 21:55:21,698:INFO: epoch: 17, train loss: 45.309386371370145
2023-06-08 21:56:05,233:INFO: epoch: 17, f1 score: 0.9201314747726782, dev loss: 45.4810693098262
2023-06-08 21:56:05,240:INFO: --------Save best model!--------
2023-06-08 22:00:53,893:INFO: epoch: 18, train loss: 44.48504997814778
2023-06-08 22:01:36,926:INFO: epoch: 18, f1 score: 0.9204770896574802, dev loss: 45.17944727606952
2023-06-08 22:01:36,932:INFO: --------Save best model!--------
2023-06-08 22:06:24,152:INFO: epoch: 19, train loss: 43.65791951884394
2023-06-08 22:07:06,971:INFO: epoch: 19, f1 score: 0.91908134792874, dev loss: 45.56371678643048
2023-06-08 22:11:53,841:INFO: epoch: 20, train loss: 42.68260744407424
2023-06-08 22:12:36,748:INFO: epoch: 20, f1 score: 0.9199712643678161, dev loss: 44.95565257352941
2023-06-08 22:17:24,734:INFO: epoch: 21, train loss: 41.09791157062237
2023-06-08 22:18:07,852:INFO: epoch: 21, f1 score: 0.9223128598848369, dev loss: 43.603523458389034
2023-06-08 22:18:07,859:INFO: --------Save best model!--------
2023-06-08 22:22:54,523:INFO: epoch: 22, train loss: 40.52375587795092
2023-06-08 22:23:36,747:INFO: epoch: 22, f1 score: 0.9236878618247931, dev loss: 43.93943223596256
2023-06-08 22:23:36,753:INFO: --------Save best model!--------
2023-06-08 22:28:18,042:INFO: epoch: 23, train loss: 39.59327572340949
2023-06-08 22:29:02,196:INFO: epoch: 23, f1 score: 0.921913995008639, dev loss: 43.373522100601605
2023-06-08 22:33:50,864:INFO: epoch: 24, train loss: 38.98098037171125
2023-06-08 22:34:34,398:INFO: epoch: 24, f1 score: 0.9236449068635677, dev loss: 43.40047679227941
2023-06-08 22:39:17,722:INFO: epoch: 25, train loss: 38.295601194120174
2023-06-08 22:40:00,088:INFO: epoch: 25, f1 score: 0.9226021006292318, dev loss: 44.06927849264706
2023-06-08 22:45:00,573:INFO: epoch: 26, train loss: 37.15928604546997
2023-06-08 22:46:10,570:INFO: epoch: 26, f1 score: 0.9255781561441848, dev loss: 42.70650902406417
2023-06-08 22:46:10,579:INFO: --------Save best model!--------
2023-06-08 22:52:54,141:INFO: epoch: 27, train loss: 36.814880550346246
2023-06-08 22:54:04,417:INFO: epoch: 27, f1 score: 0.9240998559769563, dev loss: 43.41604695855615
2023-06-08 23:00:33,120:INFO: epoch: 28, train loss: 36.15011767129037
2023-06-08 23:01:45,328:INFO: epoch: 28, f1 score: 0.9259383538660658, dev loss: 43.05877914020722
2023-06-08 23:01:45,337:INFO: --------Save best model!--------
2023-06-08 23:08:13,433:INFO: epoch: 29, train loss: 35.610455987604965
2023-06-08 23:09:26,752:INFO: epoch: 29, f1 score: 0.9244495610879263, dev loss: 43.42536608038102
2023-06-08 23:16:03,350:INFO: epoch: 30, train loss: 35.32490231249245
2023-06-08 23:17:15,229:INFO: epoch: 30, f1 score: 0.9262185195824955, dev loss: 42.71102105614973
2023-06-08 23:17:15,238:INFO: --------Save best model!--------
2023-06-08 23:17:15,238:INFO: Best val f1: 0.9262185195824955
2023-06-08 23:17:15,238:INFO: Training Finished!
2023-06-08 23:17:15,688:INFO: -------- Process Done! --------
2023-06-08 23:17:15,696:INFO: --------Load model from E:\guo\NER\BiLSTM-CRF/experiments/agcner/¸ÄÀàºó/1-8/idcnn_model.pth--------
2023-06-08 23:18:25,387:INFO: --------Bad Cases reserved !--------
2023-06-08 23:18:27,617:INFO: processed 386473 tokens with 20524 phrases; found: 20744 phrases; correct: 19164.
2023-06-08 23:18:27,617:INFO: accuracy:  98.03%; precision:  92.38%; recall:  93.37%; FB1:  92.88
2023-06-08 23:18:27,617:INFO:               BEL: precision:  86.81%; recall:  95.76%; FB1:  91.07  182
2023-06-08 23:18:27,617:INFO:               CLA: precision:  62.65%; recall:  46.43%; FB1:  53.33  166
2023-06-08 23:18:27,617:INFO:               COM: precision:  79.80%; recall:  82.29%; FB1:  81.03  99
2023-06-08 23:18:27,617:INFO:               CRO: precision:  94.44%; recall:  96.66%; FB1:  95.54  4170
2023-06-08 23:18:27,617:INFO:               DIS: precision:  97.61%; recall:  97.57%; FB1:  97.59  2843
2023-06-08 23:18:27,617:INFO:              DRUG: precision:  89.36%; recall:  90.32%; FB1:  89.84  2661
2023-06-08 23:18:27,617:INFO:               FER: precision:  91.07%; recall:  94.44%; FB1:  92.73  112
2023-06-08 23:18:27,618:INFO:               ORG: precision:  73.35%; recall:  81.01%; FB1:  76.99  349
2023-06-08 23:18:27,618:INFO:              PART: precision:  87.35%; recall:  88.58%; FB1:  87.96  1723
2023-06-08 23:18:27,618:INFO:               PER: precision:  88.55%; recall:  90.63%; FB1:  89.58  2271
2023-06-08 23:18:27,618:INFO:               PET: precision:  96.60%; recall:  96.99%; FB1:  96.80  4536
2023-06-08 23:18:27,618:INFO:               REA: precision:  90.56%; recall:  94.16%; FB1:  92.33  445
2023-06-08 23:18:27,618:INFO:           STRAINS: precision:  90.40%; recall:  89.42%; FB1:  89.90  1187
2023-06-08 23:18:28,278:INFO: final test loss: 41.135750020889034, f1 score: 0.9287583599883688
