2023-05-22 15:54:50,860:INFO: device: cuda:1
2023-05-22 15:54:53,904:INFO: -------- train data process DONE!--------
2023-05-22 15:54:54,350:INFO: -------- dev data process DONE!--------
2023-05-22 15:54:54,792:INFO: -------- test data process DONE!--------
2023-05-22 15:54:55,847:INFO: -------- Vocabulary Build! --------
2023-05-22 15:54:57,529:INFO: -------- Process Done! --------
2023-05-22 15:54:57,612:INFO: -------- Process Done! --------
2023-05-22 16:01:12,786:INFO: epoch: 1, train loss: 388.76391749557445
2023-05-22 16:02:40,226:INFO: epoch: 1, f1 score: 0.8799555748708292, dev loss: 142.70573612967914
2023-05-22 16:02:40,281:INFO: --------Save best model!--------
2023-05-22 16:08:56,827:INFO: epoch: 2, train loss: 104.80088785228921
2023-05-22 16:10:26,031:INFO: epoch: 2, f1 score: 0.9151327498354341, dev loss: 83.12302598596257
2023-05-22 16:10:26,085:INFO: --------Save best model!--------
2023-05-22 16:16:41,489:INFO: epoch: 3, train loss: 59.831058793083876
2023-05-22 16:18:10,855:INFO: epoch: 3, f1 score: 0.9223925105717289, dev loss: 65.5122931985294
2023-05-22 16:18:10,909:INFO: --------Save best model!--------
2023-05-22 16:24:26,144:INFO: epoch: 4, train loss: 40.74634783307844
2023-05-22 16:25:55,063:INFO: epoch: 4, f1 score: 0.9233976534471057, dev loss: 60.80584161931818
2023-05-22 16:25:55,117:INFO: --------Save best model!--------
2023-05-22 16:32:09,817:INFO: epoch: 5, train loss: 29.572220788911036
2023-05-22 16:33:41,144:INFO: epoch: 5, f1 score: 0.9295747218773582, dev loss: 52.98729946524064
2023-05-22 16:33:41,198:INFO: --------Save best model!--------
2023-05-22 16:40:02,697:INFO: epoch: 6, train loss: 19.665692624758716
2023-05-22 16:41:32,255:INFO: epoch: 6, f1 score: 0.930263125867147, dev loss: 54.28780915775401
2023-05-22 16:41:32,310:INFO: --------Save best model!--------
2023-05-22 16:47:48,461:INFO: epoch: 7, train loss: 15.64339888071934
2023-05-22 16:49:18,878:INFO: epoch: 7, f1 score: 0.9297341950532096, dev loss: 53.5609594334893
2023-05-22 16:55:33,713:INFO: epoch: 8, train loss: 12.531199822059044
2023-05-22 16:57:03,823:INFO: epoch: 8, f1 score: 0.9305464201320371, dev loss: 56.40677222593583
2023-05-22 16:57:03,876:INFO: --------Save best model!--------
2023-05-22 17:03:20,820:INFO: epoch: 9, train loss: 10.580111854451157
2023-05-22 17:04:48,899:INFO: epoch: 9, f1 score: 0.9285853753783071, dev loss: 56.92732703877005
2023-05-22 17:11:12,159:INFO: epoch: 10, train loss: 9.421508754934356
2023-05-22 17:12:40,265:INFO: epoch: 10, f1 score: 0.9292119268061529, dev loss: 59.51839801971925
2023-05-22 17:18:58,434:INFO: epoch: 11, train loss: 6.455685015266955
2023-05-22 17:20:28,315:INFO: epoch: 11, f1 score: 0.9319901695987542, dev loss: 63.61566260026738
2023-05-22 17:20:28,369:INFO: --------Save best model!--------
2023-05-22 17:26:48,813:INFO: epoch: 12, train loss: 5.319946001046477
2023-05-22 17:28:16,687:INFO: epoch: 12, f1 score: 0.9307234042553191, dev loss: 65.45821670287434
2023-05-22 17:34:32,690:INFO: epoch: 13, train loss: 4.924198764183848
2023-05-22 17:36:02,196:INFO: epoch: 13, f1 score: 0.9306541920159003, dev loss: 66.8899617730615
2023-05-22 17:42:16,919:INFO: epoch: 14, train loss: 4.530974660150981
2023-05-22 17:44:08,214:INFO: epoch: 14, f1 score: 0.9296793455834164, dev loss: 70.11555815508021
2023-05-22 17:52:56,131:INFO: epoch: 15, train loss: 4.219121049817988
2023-05-22 17:54:50,728:INFO: epoch: 15, f1 score: 0.930570701563068, dev loss: 70.59752047125669
2023-05-22 18:02:32,445:INFO: epoch: 16, train loss: 9.260623661490985
2023-05-22 18:04:00,989:INFO: epoch: 16, f1 score: 0.9218249798392023, dev loss: 71.79144907252673
2023-05-22 18:04:00,990:INFO: Best val f1: 0.9319901695987542
2023-05-22 18:04:00,990:INFO: Training Finished!
2023-05-22 18:04:01,283:INFO: -------- Process Done! --------
2023-05-22 18:04:01,308:INFO: --------Load model from E:\guo\NER\BiLSTM-CRF/experiments/agcner/¸ÄÀàºó/0-7/model.pth--------
2023-05-22 18:05:48,875:INFO: --------Bad Cases reserved !--------
2023-05-22 18:05:50,022:INFO: processed 394843 tokens with 20782 phrases; found: 20888 phrases; correct: 19394.
2023-05-22 18:05:50,023:INFO: precision:  92.85%; recall:  93.32%; FB1:  93.08
2023-05-22 18:05:50,023:INFO:               BEL: precision:  93.40%; recall:  93.88%; FB1:  93.64  197
2023-05-22 18:05:50,023:INFO:               CLA: precision:  62.33%; recall:  56.78%; FB1:  59.42  215
2023-05-22 18:05:50,023:INFO:               COM: precision:  64.63%; recall:  82.81%; FB1:  72.60  82
2023-05-22 18:05:50,023:INFO:               CRO: precision:  95.73%; recall:  96.35%; FB1:  96.03  4351
2023-05-22 18:05:50,023:INFO:               DIS: precision:  98.07%; recall:  98.07%; FB1:  98.07  2749
2023-05-22 18:05:50,023:INFO:              DRUG: precision:  90.27%; recall:  90.81%; FB1:  90.54  2694
2023-05-22 18:05:50,023:INFO:               FER: precision:  77.65%; recall:  84.62%; FB1:  80.98  85
2023-05-22 18:05:50,023:INFO:               ORG: precision:  67.16%; recall:  71.88%; FB1:  69.44  335
2023-05-22 18:05:50,023:INFO:              PART: precision:  89.38%; recall:  89.02%; FB1:  89.20  1760
2023-05-22 18:05:50,023:INFO:               PER: precision:  89.17%; recall:  91.33%; FB1:  90.24  2234
2023-05-22 18:05:50,023:INFO:               PET: precision:  96.73%; recall:  97.17%; FB1:  96.95  4645
2023-05-22 18:05:50,023:INFO:               REA: precision:  94.37%; recall:  91.89%; FB1:  93.11  444
2023-05-22 18:05:50,023:INFO:           STRAINS: precision:  87.69%; recall:  86.12%; FB1:  86.90  1097
2023-05-22 18:05:50,439:INFO: final test loss: 69.381486046123, f1 score: 0.9308375329973602
