2023-05-23 17:12:50,437:INFO: device: cuda:1
2023-05-23 17:12:53,400:INFO: -------- train data process DONE!--------
2023-05-23 17:12:53,801:INFO: -------- dev data process DONE!--------
2023-05-23 17:12:54,173:INFO: -------- test data process DONE!--------
2023-05-23 17:12:55,251:INFO: -------- Vocabulary Build! --------
2023-05-23 17:12:57,110:INFO: -------- Process Done! --------
2023-05-23 17:12:57,200:INFO: -------- Process Done! --------
2023-05-23 17:21:32,845:INFO: epoch: 1, train loss: 361.6930468501293
2023-05-23 17:23:22,049:INFO: epoch: 1, f1 score: 0.8852707122980032, dev loss: 129.96391418783423
2023-05-23 17:23:22,108:INFO: --------Save best model!--------
2023-05-23 17:32:16,467:INFO: epoch: 2, train loss: 95.46795689462421
2023-05-23 17:34:06,124:INFO: epoch: 2, f1 score: 0.9046294456586529, dev loss: 92.35037182486631
2023-05-23 17:34:06,184:INFO: --------Save best model!--------
2023-05-23 17:42:58,016:INFO: epoch: 3, train loss: 56.92100977340219
2023-05-23 17:44:47,593:INFO: epoch: 3, f1 score: 0.9173155538251897, dev loss: 68.40902301971926
2023-05-23 17:44:47,666:INFO: --------Save best model!--------
2023-05-23 17:53:37,683:INFO: epoch: 4, train loss: 38.16876673141
2023-05-23 17:55:26,979:INFO: epoch: 4, f1 score: 0.9235054742757485, dev loss: 59.54284863803476
2023-05-23 17:55:27,052:INFO: --------Save best model!--------
2023-05-23 18:04:16,629:INFO: epoch: 5, train loss: 27.943076989295566
2023-05-23 18:06:06,321:INFO: epoch: 5, f1 score: 0.9246806138033018, dev loss: 58.62734479445187
2023-05-23 18:06:06,385:INFO: --------Save best model!--------
2023-05-23 18:14:58,712:INFO: epoch: 6, train loss: 18.757526520020022
2023-05-23 18:16:49,303:INFO: epoch: 6, f1 score: 0.9252708539439712, dev loss: 61.10652364639037
2023-05-23 18:16:49,365:INFO: --------Save best model!--------
2023-05-23 18:25:42,699:INFO: epoch: 7, train loss: 14.600984391165959
2023-05-23 18:27:32,001:INFO: epoch: 7, f1 score: 0.9243056728518688, dev loss: 62.701594878008024
2023-05-23 18:36:22,850:INFO: epoch: 8, train loss: 12.427988708536866
2023-05-23 18:38:12,684:INFO: epoch: 8, f1 score: 0.9244867857920064, dev loss: 62.69734395889037
2023-05-23 18:45:30,062:INFO: epoch: 9, train loss: 10.136537471610701
2023-05-23 18:46:57,249:INFO: epoch: 9, f1 score: 0.9264232658295227, dev loss: 62.48347677139037
2023-05-23 18:46:57,304:INFO: --------Save best model!--------
2023-05-23 18:53:24,044:INFO: epoch: 10, train loss: 8.76774927219233
2023-05-23 18:54:52,768:INFO: epoch: 10, f1 score: 0.9260787809226112, dev loss: 64.65331509024064
2023-05-23 19:01:13,199:INFO: epoch: 11, train loss: 6.317311744373005
2023-05-23 19:02:40,930:INFO: epoch: 11, f1 score: 0.9270021605612604, dev loss: 68.29468687332887
2023-05-23 19:02:40,984:INFO: --------Save best model!--------
2023-05-23 19:09:02,593:INFO: epoch: 12, train loss: 5.089942018011848
2023-05-23 19:10:31,036:INFO: epoch: 12, f1 score: 0.9258783308682687, dev loss: 70.796525108623
2023-05-23 19:16:55,483:INFO: epoch: 13, train loss: 4.965087082836734
2023-05-23 19:18:23,903:INFO: epoch: 13, f1 score: 0.9280760463650033, dev loss: 72.77319205381016
2023-05-23 19:18:23,957:INFO: --------Save best model!--------
2023-05-23 19:24:47,350:INFO: epoch: 14, train loss: 4.32983532848562
2023-05-23 19:26:16,335:INFO: epoch: 14, f1 score: 0.9304573829823413, dev loss: 75.90246386196524
2023-05-23 19:26:16,394:INFO: --------Save best model!--------
2023-05-23 19:32:39,748:INFO: epoch: 15, train loss: 5.358418398924326
2023-05-23 19:34:09,050:INFO: epoch: 15, f1 score: 0.9219945087272013, dev loss: 90.2009212065508
2023-05-23 19:40:30,471:INFO: epoch: 16, train loss: 15.523902683952448
2023-05-23 19:41:58,769:INFO: epoch: 16, f1 score: 0.9175648263557934, dev loss: 71.30126169786097
2023-05-23 19:48:18,644:INFO: epoch: 17, train loss: 18.324080057596476
2023-05-23 19:49:46,347:INFO: epoch: 17, f1 score: 0.9201220256253814, dev loss: 68.79216974431819
2023-05-23 19:56:06,005:INFO: epoch: 18, train loss: 19.170804723868308
2023-05-23 19:57:34,115:INFO: epoch: 18, f1 score: 0.9168975069252078, dev loss: 69.65979591410428
2023-05-23 20:04:48,536:INFO: epoch: 19, train loss: 22.62469264293561
2023-05-23 20:06:38,238:INFO: epoch: 19, f1 score: 0.92015639216072, dev loss: 65.7621208639706
2023-05-23 20:06:38,239:INFO: Best val f1: 0.9304573829823413
2023-05-23 20:06:38,239:INFO: Training Finished!
2023-05-23 20:06:38,520:INFO: -------- Process Done! --------
2023-05-23 20:06:38,548:INFO: --------Load model from E:\guo\NER\BiLSTM-CRF/experiments/agcner/¸ÄÀàºó/4-1/model.pth--------
2023-05-23 20:08:28,983:INFO: --------Bad Cases reserved !--------
2023-05-23 20:08:31,170:INFO: processed 384723 tokens with 20552 phrases; found: 20604 phrases; correct: 19172.
2023-05-23 20:08:31,170:INFO: accuracy:  98.27%; precision:  93.05%; recall:  93.29%; FB1:  93.17
2023-05-23 20:08:31,170:INFO:               BEL: precision:  94.71%; recall:  92.49%; FB1:  93.59  208
2023-05-23 20:08:31,170:INFO:               CLA: precision:  62.57%; recall:  50.45%; FB1:  55.86  179
2023-05-23 20:08:31,171:INFO:               COM: precision:  84.42%; recall:  85.53%; FB1:  84.97  77
2023-05-23 20:08:31,171:INFO:               CRO: precision:  95.09%; recall:  95.16%; FB1:  95.13  4198
2023-05-23 20:08:31,171:INFO:               DIS: precision:  98.09%; recall:  97.73%; FB1:  97.91  2771
2023-05-23 20:08:31,171:INFO:              DRUG: precision:  90.55%; recall:  91.85%; FB1:  91.20  2391
2023-05-23 20:08:31,171:INFO:               FER: precision:  88.12%; recall:  90.82%; FB1:  89.45  101
2023-05-23 20:08:31,171:INFO:               ORG: precision:  70.93%; recall:  78.45%; FB1:  74.50  313
2023-05-23 20:08:31,171:INFO:              PART: precision:  88.45%; recall:  89.05%; FB1:  88.75  1775
2023-05-23 20:08:31,171:INFO:               PER: precision:  90.17%; recall:  90.25%; FB1:  90.21  2258
2023-05-23 20:08:31,171:INFO:               PET: precision:  96.64%; recall:  97.00%; FB1:  96.82  4590
2023-05-23 20:08:31,171:INFO:               REA: precision:  93.99%; recall:  92.41%; FB1:  93.19  466
2023-05-23 20:08:31,171:INFO:           STRAINS: precision:  88.65%; recall:  89.77%; FB1:  89.20  1277
2023-05-23 20:08:31,822:INFO: final test loss: 68.94868846606182, f1 score: 0.9316746039459618
