2023-05-22 23:12:33,420:INFO: device: cuda:1
2023-05-22 23:12:36,446:INFO: -------- train data process DONE!--------
2023-05-22 23:12:36,848:INFO: -------- dev data process DONE!--------
2023-05-22 23:12:37,211:INFO: -------- test data process DONE!--------
2023-05-22 23:12:38,225:INFO: -------- Vocabulary Build! --------
2023-05-22 23:12:39,994:INFO: -------- Process Done! --------
2023-05-22 23:12:40,076:INFO: -------- Process Done! --------
2023-05-22 23:21:14,214:INFO: epoch: 1, train loss: 431.66060743994893
2023-05-22 23:23:02,374:INFO: epoch: 1, f1 score: 0.8762814143421468, dev loss: 157.8930272393048
2023-05-22 23:23:02,448:INFO: --------Save best model!--------
2023-05-22 23:31:51,794:INFO: epoch: 2, train loss: 114.74409834458866
2023-05-22 23:33:41,986:INFO: epoch: 2, f1 score: 0.9145635788961828, dev loss: 94.78825827205883
2023-05-22 23:33:42,060:INFO: --------Save best model!--------
2023-05-22 23:42:18,348:INFO: epoch: 3, train loss: 65.83016760209027
2023-05-22 23:44:06,953:INFO: epoch: 3, f1 score: 0.9230247048270178, dev loss: 69.36468603776738
2023-05-22 23:44:07,028:INFO: --------Save best model!--------
2023-05-22 23:52:56,923:INFO: epoch: 4, train loss: 42.62531490121933
2023-05-22 23:54:46,097:INFO: epoch: 4, f1 score: 0.9285557050262933, dev loss: 59.8645711480615
2023-05-22 23:54:46,169:INFO: --------Save best model!--------
2023-05-23 00:03:34,623:INFO: epoch: 5, train loss: 30.302281889685972
2023-05-23 00:05:24,288:INFO: epoch: 5, f1 score: 0.92979893870795, dev loss: 55.33285636697861
2023-05-23 00:05:24,355:INFO: --------Save best model!--------
2023-05-23 00:14:14,534:INFO: epoch: 6, train loss: 19.90367895077894
2023-05-23 00:16:03,490:INFO: epoch: 6, f1 score: 0.9315587506678972, dev loss: 55.98961292613637
2023-05-23 00:16:03,562:INFO: --------Save best model!--------
2023-05-23 00:24:54,381:INFO: epoch: 7, train loss: 15.65546460202671
2023-05-23 00:26:42,495:INFO: epoch: 7, f1 score: 0.9298728915953797, dev loss: 59.29165274064171
2023-05-23 00:35:29,174:INFO: epoch: 8, train loss: 13.321809059158365
2023-05-23 00:37:18,221:INFO: epoch: 8, f1 score: 0.9345871604218302, dev loss: 57.05491727941177
2023-05-23 00:37:18,293:INFO: --------Save best model!--------
2023-05-23 00:46:09,222:INFO: epoch: 9, train loss: 10.604570424492984
2023-05-23 00:47:57,370:INFO: epoch: 9, f1 score: 0.9273610099538723, dev loss: 58.278482202540104
2023-05-23 00:56:44,355:INFO: epoch: 10, train loss: 9.44874126069686
2023-05-23 00:58:33,879:INFO: epoch: 10, f1 score: 0.9317325685955234, dev loss: 59.72659383355615
2023-05-23 01:07:21,726:INFO: epoch: 11, train loss: 6.270331532161504
2023-05-23 01:09:10,928:INFO: epoch: 11, f1 score: 0.9313099819749597, dev loss: 62.64701704545455
2023-05-23 01:18:01,410:INFO: epoch: 12, train loss: 5.239399547683683
2023-05-23 01:19:52,327:INFO: epoch: 12, f1 score: 0.9310219420535824, dev loss: 68.26658589572193
2023-05-23 01:28:45,697:INFO: epoch: 13, train loss: 4.844579651672891
2023-05-23 01:30:35,581:INFO: epoch: 13, f1 score: 0.9302674937003296, dev loss: 69.88478129177807
2023-05-23 01:30:35,581:INFO: Best val f1: 0.9345871604218302
2023-05-23 01:30:35,581:INFO: Training Finished!
2023-05-23 01:30:36,070:INFO: -------- Process Done! --------
2023-05-23 01:30:36,113:INFO: --------Load model from E:\guo\NER\BiLSTM-CRF/experiments/agcner/¸ÄÀàºó/2-9/model.pth--------
2023-05-23 01:32:25,684:INFO: --------Bad Cases reserved !--------
2023-05-23 01:32:27,911:INFO: processed 388901 tokens with 20609 phrases; found: 20703 phrases; correct: 19224.
2023-05-23 01:32:27,911:INFO: precision:  92.86%; recall:  93.28%; FB1:  93.07
2023-05-23 01:32:27,911:INFO:               BEL: precision:  89.54%; recall:  88.96%; FB1:  89.25  153
2023-05-23 01:32:27,911:INFO:               CLA: precision:  55.40%; recall:  51.30%; FB1:  53.27  213
2023-05-23 01:32:27,911:INFO:               COM: precision:  72.37%; recall:  77.46%; FB1:  74.83  76
2023-05-23 01:32:27,912:INFO:               CRO: precision:  94.87%; recall:  95.96%; FB1:  95.41  4382
2023-05-23 01:32:27,912:INFO:               DIS: precision:  97.23%; recall:  97.78%; FB1:  97.50  2850
2023-05-23 01:32:27,912:INFO:              DRUG: precision:  90.47%; recall:  90.54%; FB1:  90.50  2339
2023-05-23 01:32:27,912:INFO:               FER: precision:  91.14%; recall:  90.00%; FB1:  90.57  79
2023-05-23 01:32:27,912:INFO:               ORG: precision:  71.19%; recall:  68.63%; FB1:  69.88  295
2023-05-23 01:32:27,912:INFO:              PART: precision:  89.36%; recall:  89.31%; FB1:  89.33  1785
2023-05-23 01:32:27,912:INFO:               PER: precision:  90.23%; recall:  90.35%; FB1:  90.29  2273
2023-05-23 01:32:27,912:INFO:               PET: precision:  96.68%; recall:  97.29%; FB1:  96.98  4640
2023-05-23 01:32:27,912:INFO:               REA: precision:  90.85%; recall:  93.29%; FB1:  92.05  459
2023-05-23 01:32:27,912:INFO:           STRAINS: precision:  89.65%; recall:  90.27%; FB1:  89.96  1159
2023-05-23 01:32:28,582:INFO: final test loss: 60.092919660762036, f1 score: 0.9306738962044926
