2023-05-24 09:11:52,055:INFO: device: cuda:0
2023-05-24 09:11:52,379:INFO: -------- dev data process DONE!--------
2023-05-24 09:11:52,759:INFO: -------- test data process DONE!--------
2023-05-24 09:11:53,824:INFO: -------- Vocabulary Build! --------
2023-05-24 09:11:55,548:INFO: -------- Process Done! --------
2023-05-24 09:11:55,636:INFO: -------- Process Done! --------
2023-05-24 09:17:30,350:INFO: epoch: 1, train loss: 348.3182148457532
2023-05-24 09:18:45,993:INFO: epoch: 1, f1 score: 0.8848075298660553, dev loss: 127.53941572473404
2023-05-24 09:18:46,040:INFO: --------Save best model!--------
2023-05-24 09:25:38,026:INFO: epoch: 2, train loss: 95.55280153462333
2023-05-24 09:26:36,273:INFO: epoch: 2, f1 score: 0.9172782503037666, dev loss: 78.37797643783244
2023-05-24 09:26:36,315:INFO: --------Save best model!--------
2023-05-24 09:33:04,230:INFO: epoch: 3, train loss: 56.7720288201937
2023-05-24 09:34:26,577:INFO: epoch: 3, f1 score: 0.9227004462357854, dev loss: 63.197078623670215
2023-05-24 09:34:26,627:INFO: --------Save best model!--------
2023-05-24 09:41:15,982:INFO: epoch: 4, train loss: 38.60731078759185
2023-05-24 09:42:33,145:INFO: epoch: 4, f1 score: 0.9251154580844838, dev loss: 54.07875353224734
2023-05-24 09:42:33,198:INFO: --------Save best model!--------
2023-05-24 09:49:18,583:INFO: epoch: 5, train loss: 28.310918403007165
2023-05-24 09:50:36,483:INFO: epoch: 5, f1 score: 0.9287432640492688, dev loss: 52.942502285571805
2023-05-24 09:50:36,531:INFO: --------Save best model!--------
2023-05-24 09:57:23,401:INFO: epoch: 6, train loss: 19.054582731243116
2023-05-24 09:58:41,210:INFO: epoch: 6, f1 score: 0.9321556641236072, dev loss: 50.589609998337764
2023-05-24 09:58:41,259:INFO: --------Save best model!--------
2023-05-24 10:05:29,315:INFO: epoch: 7, train loss: 14.893659828017402
2023-05-24 10:06:47,702:INFO: epoch: 7, f1 score: 0.9298482293423272, dev loss: 53.314323262965424
2023-05-24 10:13:34,865:INFO: epoch: 8, train loss: 12.489404144976975
2023-05-24 10:14:52,757:INFO: epoch: 8, f1 score: 0.9313002761435946, dev loss: 56.427490234375
2023-05-24 10:21:40,880:INFO: epoch: 9, train loss: 10.084333267774026
2023-05-24 10:22:59,714:INFO: epoch: 9, f1 score: 0.9289740160489109, dev loss: 60.233486743683514
2023-05-24 10:29:46,325:INFO: epoch: 10, train loss: 8.907239675681542
2023-05-24 10:31:03,871:INFO: epoch: 10, f1 score: 0.9283220963037345, dev loss: 62.27671521775266
2023-05-24 10:37:53,197:INFO: epoch: 11, train loss: 6.427436994452326
2023-05-24 10:39:11,699:INFO: epoch: 11, f1 score: 0.9336283185840708, dev loss: 60.115530460438826
2023-05-24 10:39:11,748:INFO: --------Save best model!--------
2023-05-24 10:45:58,438:INFO: epoch: 12, train loss: 5.240557312366552
2023-05-24 10:46:38,116:INFO: epoch: 12, f1 score: 0.9327682527451359, dev loss: 62.994545794547875
2023-05-24 10:53:25,190:INFO: epoch: 13, train loss: 4.79106794849627
2023-05-24 10:54:45,567:INFO: epoch: 13, f1 score: 0.9311914452927434, dev loss: 67.27340113863032
2023-05-24 11:01:34,694:INFO: epoch: 14, train loss: 4.304131840230312
2023-05-24 11:02:53,877:INFO: epoch: 14, f1 score: 0.9309666586711441, dev loss: 68.49258228058511
2023-05-24 11:09:41,037:INFO: epoch: 15, train loss: 4.351858210499783
2023-05-24 11:10:59,728:INFO: epoch: 15, f1 score: 0.930661226449058, dev loss: 71.3864122755984
2023-05-24 11:17:48,618:INFO: epoch: 16, train loss: 3.598866673579411
2023-05-24 11:19:06,905:INFO: epoch: 16, f1 score: 0.9324382849718493, dev loss: 67.41377160904256
2023-05-24 11:19:06,906:INFO: Best val f1: 0.9336283185840708
2023-05-24 11:19:06,906:INFO: Training Finished!
2023-05-24 11:19:07,183:INFO: -------- Process Done! --------
2023-05-24 11:19:07,197:INFO: --------Load model from E:\guo\NER\BiLSTM-CRF/experiments/agcner/¸ÄÀàºó/7-4/model.pth--------
2023-05-24 11:20:25,877:INFO: --------Bad Cases reserved !--------
2023-05-24 11:20:28,056:INFO: processed 395774 tokens with 21115 phrases; found: 21144 phrases; correct: 19621.
2023-05-24 11:20:28,057:INFO: accuracy:  98.09%; precision:  92.80%; recall:  92.92%; FB1:  92.86
2023-05-24 11:20:28,057:INFO:               BEL: precision:  91.94%; recall:  94.63%; FB1:  93.27  211
2023-05-24 11:20:28,057:INFO:               CLA: precision:  65.89%; recall:  56.63%; FB1:  60.91  214
2023-05-24 11:20:28,057:INFO:               COM: precision:  65.08%; recall:  71.93%; FB1:  68.33  63
2023-05-24 11:20:28,057:INFO:               CRO: precision:  94.75%; recall:  95.79%; FB1:  95.27  4399
2023-05-24 11:20:28,057:INFO:               DIS: precision:  97.97%; recall:  97.76%; FB1:  97.87  2855
2023-05-24 11:20:28,057:INFO:              DRUG: precision:  90.40%; recall:  89.48%; FB1:  89.94  2522
2023-05-24 11:20:28,057:INFO:               FER: precision:  88.89%; recall:  88.24%; FB1:  88.56  135
2023-05-24 11:20:28,057:INFO:               ORG: precision:  70.43%; recall:  71.30%; FB1:  70.86  328
2023-05-24 11:20:28,057:INFO:              PART: precision:  87.72%; recall:  87.83%; FB1:  87.77  1694
2023-05-24 11:20:28,057:INFO:               PER: precision:  91.15%; recall:  89.53%; FB1:  90.33  2316
2023-05-24 11:20:28,057:INFO:               PET: precision:  96.23%; recall:  96.61%; FB1:  96.42  4823
2023-05-24 11:20:28,057:INFO:               REA: precision:  86.49%; recall:  94.30%; FB1:  90.23  459
2023-05-24 11:20:28,057:INFO:           STRAINS: precision:  90.13%; recall:  91.43%; FB1:  90.78  1125
2023-05-24 11:20:28,707:INFO: final test loss: 65.75479970079788, f1 score: 0.9286069239688586
