2023-05-23 23:46:40,619:INFO: device: cuda:1
2023-05-23 23:46:43,618:INFO: -------- train data process DONE!--------
2023-05-23 23:46:44,049:INFO: -------- dev data process DONE!--------
2023-05-23 23:46:44,393:INFO: -------- test data process DONE!--------
2023-05-23 23:46:45,450:INFO: -------- Vocabulary Build! --------
2023-05-23 23:46:47,173:INFO: -------- Process Done! --------
2023-05-23 23:46:47,257:INFO: -------- Process Done! --------
2023-05-23 23:55:34,254:INFO: epoch: 1, train loss: 336.6748753960949
2023-05-23 23:57:26,839:INFO: epoch: 1, f1 score: 0.8847195548333088, dev loss: 122.81779837101064
2023-05-23 23:57:26,910:INFO: --------Save best model!--------
2023-05-24 00:06:14,348:INFO: epoch: 2, train loss: 93.15072285625972
2023-05-24 00:08:06,451:INFO: epoch: 2, f1 score: 0.9064132785729908, dev loss: 85.99485746343085
2023-05-24 00:08:06,510:INFO: --------Save best model!--------
2023-05-24 00:16:51,757:INFO: epoch: 3, train loss: 55.91246644395035
2023-05-24 00:18:44,226:INFO: epoch: 3, f1 score: 0.9174637945722283, dev loss: 63.0809923537234
2023-05-24 00:18:44,304:INFO: --------Save best model!--------
2023-05-24 00:27:30,075:INFO: epoch: 4, train loss: 37.973215379095365
2023-05-24 00:29:22,751:INFO: epoch: 4, f1 score: 0.9215189873417722, dev loss: 57.61094373337766
2023-05-24 00:29:22,823:INFO: --------Save best model!--------
2023-05-24 00:38:11,199:INFO: epoch: 5, train loss: 28.278963790351884
2023-05-24 00:40:02,194:INFO: epoch: 5, f1 score: 0.9272917834596729, dev loss: 55.201047207446805
2023-05-24 00:40:02,253:INFO: --------Save best model!--------
2023-05-24 00:48:51,787:INFO: epoch: 6, train loss: 18.97583750439265
2023-05-24 00:50:44,150:INFO: epoch: 6, f1 score: 0.9242365487154629, dev loss: 56.4685370262633
2023-05-24 00:59:35,765:INFO: epoch: 7, train loss: 14.759588737257838
2023-05-24 01:01:27,914:INFO: epoch: 7, f1 score: 0.9250550887473666, dev loss: 57.5818494431516
2023-05-24 01:10:12,944:INFO: epoch: 8, train loss: 12.062401880774015
2023-05-24 01:12:04,065:INFO: epoch: 8, f1 score: 0.9242648665711579, dev loss: 58.82044755651596
2023-05-24 01:20:53,839:INFO: epoch: 9, train loss: 10.329626743217004
2023-05-24 01:22:45,064:INFO: epoch: 9, f1 score: 0.9267912012876164, dev loss: 61.14607401097074
2023-05-24 01:31:36,854:INFO: epoch: 10, train loss: 8.988071064061154
2023-05-24 01:33:29,517:INFO: epoch: 10, f1 score: 0.9252689735388195, dev loss: 66.15113863031915
2023-05-24 01:33:29,518:INFO: Best val f1: 0.9272917834596729
2023-05-24 01:33:29,518:INFO: Training Finished!
2023-05-24 01:33:30,008:INFO: -------- Process Done! --------
2023-05-24 01:33:30,036:INFO: --------Load model from E:\guo\NER\BiLSTM-CRF/experiments/agcner/¸ÄÀàºó/6-3/model.pth--------
2023-05-24 01:35:21,750:INFO: --------Bad Cases reserved !--------
2023-05-24 01:35:23,993:INFO: processed 392143 tokens with 20726 phrases; found: 20807 phrases; correct: 19335.
2023-05-24 01:35:23,993:INFO: accuracy:  98.14%; precision:  92.93%; recall:  93.29%; FB1:  93.11
2023-05-24 01:35:23,993:INFO:               BEL: precision:  89.94%; recall:  96.20%; FB1:  92.97  169
2023-05-24 01:35:23,993:INFO:               CLA: precision:  77.34%; recall:  39.29%; FB1:  52.11  128
2023-05-24 01:35:23,993:INFO:               COM: precision:  66.30%; recall:  93.85%; FB1:  77.71  92
2023-05-24 01:35:23,993:INFO:               CRO: precision:  95.57%; recall:  96.62%; FB1:  96.09  4246
2023-05-24 01:35:23,993:INFO:               DIS: precision:  98.04%; recall:  98.00%; FB1:  98.02  2699
2023-05-24 01:35:23,993:INFO:              DRUG: precision:  89.88%; recall:  89.85%; FB1:  89.87  2639
2023-05-24 01:35:23,993:INFO:               FER: precision:  81.00%; recall:  81.00%; FB1:  81.00  100
2023-05-24 01:35:23,993:INFO:               ORG: precision:  77.98%; recall:  77.74%; FB1:  77.86  327
2023-05-24 01:35:23,993:INFO:              PART: precision:  90.55%; recall:  88.75%; FB1:  89.64  1768
2023-05-24 01:35:23,994:INFO:               PER: precision:  87.62%; recall:  91.24%; FB1:  89.39  2246
2023-05-24 01:35:23,994:INFO:               PET: precision:  96.98%; recall:  97.17%; FB1:  97.07  4534
2023-05-24 01:35:23,994:INFO:               REA: precision:  90.21%; recall:  93.44%; FB1:  91.80  521
2023-05-24 01:35:23,994:INFO:           STRAINS: precision:  87.82%; recall:  90.80%; FB1:  89.29  1338
2023-05-24 01:35:24,650:INFO: final test loss: 50.919272564827125, f1 score: 0.9310668624948836
