2023-05-23 14:37:02,271:INFO: device: cuda:1
2023-05-23 14:37:05,223:INFO: -------- train data process DONE!--------
2023-05-23 14:37:05,625:INFO: -------- dev data process DONE!--------
2023-05-23 14:37:05,970:INFO: -------- test data process DONE!--------
2023-05-23 14:37:06,968:INFO: -------- Vocabulary Build! --------
2023-05-23 14:37:08,626:INFO: -------- Process Done! --------
2023-05-23 14:37:08,708:INFO: -------- Process Done! --------
2023-05-23 14:43:27,927:INFO: epoch: 1, train loss: 355.58598021134975
2023-05-23 14:44:58,074:INFO: epoch: 1, f1 score: 0.8844319432554727, dev loss: 125.75726938502673
2023-05-23 14:44:58,127:INFO: --------Save best model!--------
2023-05-23 14:51:15,901:INFO: epoch: 2, train loss: 95.08074065835719
2023-05-23 14:52:44,788:INFO: epoch: 2, f1 score: 0.9114255257292373, dev loss: 86.11547982118984
2023-05-23 14:52:44,842:INFO: --------Save best model!--------
2023-05-23 14:59:07,498:INFO: epoch: 3, train loss: 56.97403823373152
2023-05-23 15:00:37,091:INFO: epoch: 3, f1 score: 0.925242765822476, dev loss: 67.42455924131016
2023-05-23 15:00:37,147:INFO: --------Save best model!--------
2023-05-23 15:07:02,675:INFO: epoch: 4, train loss: 38.45391227727268
2023-05-23 15:08:33,148:INFO: epoch: 4, f1 score: 0.9261584890965733, dev loss: 59.24145638368984
2023-05-23 15:08:33,208:INFO: --------Save best model!--------
2023-05-23 15:14:57,133:INFO: epoch: 5, train loss: 28.369293358874195
2023-05-23 15:16:28,073:INFO: epoch: 5, f1 score: 0.9293110121927618, dev loss: 55.2282649565508
2023-05-23 15:16:28,127:INFO: --------Save best model!--------
2023-05-23 15:22:52,064:INFO: epoch: 6, train loss: 19.055848530907046
2023-05-23 15:24:21,652:INFO: epoch: 6, f1 score: 0.9282894577510837, dev loss: 56.52205882352941
2023-05-23 15:30:44,863:INFO: epoch: 7, train loss: 14.977913713072711
2023-05-23 15:32:16,186:INFO: epoch: 7, f1 score: 0.930710838406131, dev loss: 55.44786096256684
2023-05-23 15:32:16,253:INFO: --------Save best model!--------
2023-05-23 15:38:38,110:INFO: epoch: 8, train loss: 11.94454197960104
2023-05-23 15:40:07,138:INFO: epoch: 8, f1 score: 0.9291555770626664, dev loss: 57.91722196691177
2023-05-23 15:46:31,224:INFO: epoch: 9, train loss: 10.352519938015046
2023-05-23 15:48:01,991:INFO: epoch: 9, f1 score: 0.9287427616117074, dev loss: 60.504710477941174
2023-05-23 15:54:25,541:INFO: epoch: 10, train loss: 9.053758720344401
2023-05-23 15:55:55,259:INFO: epoch: 10, f1 score: 0.9281093086133643, dev loss: 63.58783318014706
2023-05-23 16:02:17,031:INFO: epoch: 11, train loss: 6.224660457057111
2023-05-23 16:03:45,750:INFO: epoch: 11, f1 score: 0.9292073937868964, dev loss: 65.91462128175134
2023-05-23 16:10:07,317:INFO: epoch: 12, train loss: 5.029227514238281
2023-05-23 16:11:36,690:INFO: epoch: 12, f1 score: 0.930755046583851, dev loss: 70.43634588068181
2023-05-23 16:11:36,745:INFO: --------Save best model!--------
2023-05-23 16:11:36,745:INFO: Best val f1: 0.930755046583851
2023-05-23 16:11:36,745:INFO: Training Finished!
2023-05-23 16:11:36,923:INFO: -------- Process Done! --------
2023-05-23 16:11:36,950:INFO: --------Load model from E:\guo\NER\BiLSTM-CRF/experiments/agcner/¸ÄÀàºó/3-0/model.pth--------
2023-05-23 16:13:06,008:INFO: --------Bad Cases reserved !--------
2023-05-23 16:13:07,124:INFO: processed 390229 tokens with 20588 phrases; found: 20492 phrases; correct: 19070.
2023-05-23 16:13:07,124:INFO: accuracy:  98.09%; precision:  93.06%; recall:  92.63%; FB1:  92.84
2023-05-23 16:13:07,124:INFO:               BEL: precision:  91.05%; recall:  97.19%; FB1:  94.02  190
2023-05-23 16:13:07,124:INFO:               CLA: precision:  70.21%; recall:  54.32%; FB1:  61.25  188
2023-05-23 16:13:07,124:INFO:               COM: precision:  77.92%; recall:  77.92%; FB1:  77.92  77
2023-05-23 16:13:07,124:INFO:               CRO: precision:  95.24%; recall:  95.90%; FB1:  95.57  4199
2023-05-23 16:13:07,124:INFO:               DIS: precision:  97.82%; recall:  98.30%; FB1:  98.06  2845
2023-05-23 16:13:07,124:INFO:              DRUG: precision:  90.42%; recall:  89.04%; FB1:  89.73  2328
2023-05-23 16:13:07,124:INFO:               FER: precision:  84.48%; recall:  82.35%; FB1:  83.40  116
2023-05-23 16:13:07,124:INFO:               ORG: precision:  71.70%; recall:  70.11%; FB1:  70.90  265
2023-05-23 16:13:07,124:INFO:              PART: precision:  87.11%; recall:  85.90%; FB1:  86.50  1846
2023-05-23 16:13:07,124:INFO:               PER: precision:  90.28%; recall:  90.84%; FB1:  90.56  2273
2023-05-23 16:13:07,124:INFO:               PET: precision:  96.68%; recall:  96.46%; FB1:  96.57  4543
2023-05-23 16:13:07,124:INFO:               REA: precision:  95.32%; recall:  92.18%; FB1:  93.72  470
2023-05-23 16:13:07,124:INFO:           STRAINS: precision:  89.41%; recall:  88.41%; FB1:  88.91  1152
2023-05-23 16:13:07,530:INFO: final test loss: 74.9090177974599, f1 score: 0.9284323271665044
