2023-05-23 20:52:12,169:INFO: device: cuda:1
2023-05-23 20:52:15,114:INFO: -------- train data process DONE!--------
2023-05-23 20:52:15,512:INFO: -------- dev data process DONE!--------
2023-05-23 20:52:15,860:INFO: -------- test data process DONE!--------
2023-05-23 20:52:16,840:INFO: -------- Vocabulary Build! --------
2023-05-23 20:52:18,515:INFO: -------- Process Done! --------
2023-05-23 20:52:18,600:INFO: -------- Process Done! --------
2023-05-23 20:58:44,697:INFO: epoch: 1, train loss: 372.33050052808676
2023-05-23 21:00:16,018:INFO: epoch: 1, f1 score: 0.8815960676593899, dev loss: 130.74130544354838
2023-05-23 21:00:16,095:INFO: --------Save best model!--------
2023-05-23 21:06:34,860:INFO: epoch: 2, train loss: 100.28865148997227
2023-05-23 21:08:03,211:INFO: epoch: 2, f1 score: 0.9136716941594991, dev loss: 78.65222824260752
2023-05-23 21:08:03,265:INFO: --------Save best model!--------
2023-05-23 21:14:23,401:INFO: epoch: 3, train loss: 58.655636405306915
2023-05-23 21:15:51,698:INFO: epoch: 3, f1 score: 0.9214873026267918, dev loss: 67.56322979670699
2023-05-23 21:15:51,752:INFO: --------Save best model!--------
2023-05-23 21:22:14,459:INFO: epoch: 4, train loss: 39.99292587739568
2023-05-23 21:23:43,873:INFO: epoch: 4, f1 score: 0.9263546140593532, dev loss: 56.63707052251344
2023-05-23 21:23:43,926:INFO: --------Save best model!--------
2023-05-23 21:30:02,778:INFO: epoch: 5, train loss: 28.891025791997496
2023-05-23 21:31:31,962:INFO: epoch: 5, f1 score: 0.929597282872392, dev loss: 52.596868699596776
2023-05-23 21:31:32,017:INFO: --------Save best model!--------
2023-05-23 21:37:50,215:INFO: epoch: 6, train loss: 19.08824356040827
2023-05-23 21:39:17,915:INFO: epoch: 6, f1 score: 0.9308231173380035, dev loss: 53.6124516969086
2023-05-23 21:39:17,969:INFO: --------Save best model!--------
2023-05-23 21:45:38,087:INFO: epoch: 7, train loss: 14.925501004987735
2023-05-23 21:47:09,152:INFO: epoch: 7, f1 score: 0.9308786934357711, dev loss: 54.59512558803763
2023-05-23 21:47:09,206:INFO: --------Save best model!--------
2023-05-23 21:53:32,931:INFO: epoch: 8, train loss: 12.208126267142918
2023-05-23 21:55:02,978:INFO: epoch: 8, f1 score: 0.9288713082728662, dev loss: 57.09790301579301
2023-05-23 22:01:24,565:INFO: epoch: 9, train loss: 10.439338804008969
2023-05-23 22:02:52,922:INFO: epoch: 9, f1 score: 0.9295084749872693, dev loss: 57.64153330813172
2023-05-23 22:09:08,504:INFO: epoch: 10, train loss: 8.88428579732327
2023-05-23 22:10:35,649:INFO: epoch: 10, f1 score: 0.9271291459117968, dev loss: 59.777044480846776
2023-05-23 22:16:55,736:INFO: epoch: 11, train loss: 6.2342446189261596
2023-05-23 22:18:24,397:INFO: epoch: 11, f1 score: 0.9313132784616506, dev loss: 62.380092825940864
2023-05-23 22:18:24,451:INFO: --------Save best model!--------
2023-05-23 22:24:44,588:INFO: epoch: 12, train loss: 5.133991438329818
2023-05-23 22:26:13,782:INFO: epoch: 12, f1 score: 0.9296189808886419, dev loss: 65.12553553427419
2023-05-23 22:32:35,674:INFO: epoch: 13, train loss: 4.628578515595018
2023-05-23 22:34:04,751:INFO: epoch: 13, f1 score: 0.9315220806845375, dev loss: 68.02392053091398
2023-05-23 22:34:04,806:INFO: --------Save best model!--------
2023-05-23 22:40:26,654:INFO: epoch: 14, train loss: 4.470815440244898
2023-05-23 22:41:55,752:INFO: epoch: 14, f1 score: 0.9303114773966793, dev loss: 68.4752184139785
2023-05-23 22:48:18,170:INFO: epoch: 15, train loss: 4.336542102006765
2023-05-23 22:49:47,712:INFO: epoch: 15, f1 score: 0.9299767396782321, dev loss: 70.32348370295699
2023-05-23 22:58:10,103:INFO: epoch: 16, train loss: 3.5091465113553713
2023-05-23 23:00:00,651:INFO: epoch: 16, f1 score: 0.9303789745967447, dev loss: 70.19133799563173
2023-05-23 23:08:50,627:INFO: epoch: 17, train loss: 15.631056553145315
2023-05-23 23:10:41,408:INFO: epoch: 17, f1 score: 0.8953154754348103, dev loss: 112.90082115255376
2023-05-23 23:19:30,066:INFO: epoch: 18, train loss: 20.526603535425703
2023-05-23 23:21:20,869:INFO: epoch: 18, f1 score: 0.9222706134199453, dev loss: 59.452473958333336
2023-05-23 23:21:20,871:INFO: Best val f1: 0.9315220806845375
2023-05-23 23:21:20,871:INFO: Training Finished!
2023-05-23 23:21:21,172:INFO: -------- Process Done! --------
2023-05-23 23:21:21,200:INFO: --------Load model from E:\guo\NER\BiLSTM-CRF/experiments/agcner/¸ÄÀàºó/5-2/model.pth--------
2023-05-23 23:23:12,100:INFO: --------Bad Cases reserved !--------
2023-05-23 23:23:14,280:INFO: processed 387486 tokens with 20462 phrases; found: 20782 phrases; correct: 19160.
2023-05-23 23:23:14,281:INFO: accuracy:  98.15%; precision:  92.20%; recall:  93.64%; FB1:  92.91
2023-05-23 23:23:14,281:INFO:               BEL: precision:  89.47%; recall:  93.87%; FB1:  91.62  171
2023-05-23 23:23:14,281:INFO:               CLA: precision:  60.98%; recall:  55.80%; FB1:  58.28  205
2023-05-23 23:23:14,281:INFO:               COM: precision:  76.71%; recall:  72.73%; FB1:  74.67  73
2023-05-23 23:23:14,281:INFO:               CRO: precision:  94.80%; recall:  96.32%; FB1:  95.55  4172
2023-05-23 23:23:14,281:INFO:               DIS: precision:  97.33%; recall:  97.57%; FB1:  97.45  2768
2023-05-23 23:23:14,281:INFO:              DRUG: precision:  90.81%; recall:  92.27%; FB1:  91.53  2405
2023-05-23 23:23:14,281:INFO:               FER: precision:  87.13%; recall:  81.48%; FB1:  84.21  101
2023-05-23 23:23:14,281:INFO:               ORG: precision:  71.53%; recall:  75.90%; FB1:  73.65  295
2023-05-23 23:23:14,281:INFO:              PART: precision:  88.31%; recall:  89.50%; FB1:  88.90  1882
2023-05-23 23:23:14,281:INFO:               PER: precision:  88.03%; recall:  91.14%; FB1:  89.56  2231
2023-05-23 23:23:14,281:INFO:               PET: precision:  96.35%; recall:  97.23%; FB1:  96.79  4517
2023-05-23 23:23:14,281:INFO:               REA: precision:  92.14%; recall:  92.50%; FB1:  92.32  509
2023-05-23 23:23:14,281:INFO:           STRAINS: precision:  85.82%; recall:  90.17%; FB1:  87.94  1453
2023-05-23 23:23:14,940:INFO: final test loss: 72.95518201462765, f1 score: 0.9291048394918048
